<?xml version="1.0" encoding="UTF-8"?>
<testsuite xmlns:xsi="http://www.w3.org/2001/XMLSchema-instance" xsi:noNamespaceSchemaLocation="https://maven.apache.org/surefire/maven-surefire-plugin/xsd/surefire-test-report.xsd" version="3.0.2" name="com.example.awsProject.AwsProjectApplicationTests" time="1.233" tests="1" errors="0" skipped="0" failures="0">
  <properties>
[...]
</properties>
  <testcase name="contextLoads" classname="com.example.awsProject.AwsProjectApplicationTests" time="0.358">
    <system-out><![CDATA[11:05:01.097 [main] INFO org.springframework.test.context.support.AnnotationConfigContextLoaderUtils -- Could not detect default configuration classes for test class [com.example.awsProject.AwsProjectApplicationTests]: AwsProjectApplicationTests does not declare any static, non-private, non-final, nested classes annotated with @Configuration.
11:05:01.142 [main] INFO org.springframework.boot.test.context.SpringBootTestContextBootstrapper -- Found @SpringBootConfiguration com.example.awsProject.AwsProjectApplication for test class com.example.awsProject.AwsProjectApplicationTests

  .   ____          _            __ _ _
 /\\ / ___'_ __ _ _(_)_ __  __ _ \ \ \ \
( ( )\___ | '_ | '_| | '_ \/ _` | \ \ \ \
 \\/  ___)| |_)| | | | | || (_| |  ) ) ) )
  '  |____| .__|_| |_|_| |_\__, | / / / /
 =========|_|==============|___/=/_/_/_/

 :: Spring Boot ::                (v3.5.4)

2025-08-06T11:05:01.296-06:00  INFO 51004 --- [awsProject] [           main] c.e.a.AwsProjectApplicationTests         : Starting AwsProjectApplicationTests using Java 24.0.1 with PID 51004 (started by tariqueanwarmulla in /Users/tariqueanwarmulla/Desktop/awsProject/docStore)
2025-08-06T11:05:01.296-06:00  INFO 51004 --- [awsProject] [           main] c.e.a.AwsProjectApplicationTests         : No active profile set, falling back to 1 default profile: "default"
2025-08-06T11:05:01.908-06:00  INFO 51004 --- [awsProject] [           main] c.e.a.AwsProjectApplicationTests         : Started AwsProjectApplicationTests in 0.714 seconds (process running for 1.111)
]]></system-out>
    <system-err><![CDATA[Mockito is currently self-attaching to enable the inline-mock-maker. This will no longer work in future releases of the JDK. Please add Mockito as an agent to your build as described in Mockito's documentation: https://javadoc.io/doc/org.mockito/mockito-core/latest/org.mockito/org/mockito/Mockito.html#0.3
WARNING: A Java agent has been loaded dynamically (/Users/tariqueanwarmulla/.m2/repository/net/bytebuddy/byte-buddy-agent/1.17.6/byte-buddy-agent-1.17.6.jar)
WARNING: If a serviceability tool is in use, please run with -XX:+EnableDynamicAgentLoading to hide this warning
WARNING: If a serviceability tool is not in use, please run with -Djdk.instrument.traceUsage for more information
WARNING: Dynamic loading of agents will be disallowed by default in a future release
]]></system-err>
  </testcase>
</testsuite>